Indexing rest:47002 9 : Vánoční
Interpret Aleš Brichta
Adding tag vánoční, 1, 9, 3
Adding tag aleš, 1, 9, 2
Adding tag brichta, 1, 9, 2
Adding tag akordy, 1, 9, 5
Adding tag text, 1, 9, 5
Indexing rest:47001 22 : Nádraží
Interpret Fešáci
Adding tag nádraží, 1, 22, 3
Adding tag fešáci, 1, 22, 2
Adding tag akordy, 1, 22, 5
Adding tag text, 1, 22, 5
Indexing rest:47000 25 : Věnování
Interpret Lenka Filipová
Adding tag věnování, 1, 25, 3
Adding tag lenka, 1, 25, 2
Adding tag filipová, 1, 25, 2
Adding tag akordy, 1, 25, 5
Adding tag text, 1, 25, 5
Indexing rest:46999 34 : Saxana
Interpret Filmová Hudba Cz
Adding tag saxana, 1, 34, 3
Adding tag filmová, 1, 34, 2
Adding tag hudba, 1, 34, 2
Adding tag cz, 1, 34, 2
Adding tag akordy, 1, 34, 5
Adding tag text, 1, 34, 5
Indexing rest:46998 35 : Vánoce vánoce přicházejí
Interpret Filmová Hudba Cz
Adding tag vánoce, 2, 35, 3
Adding tag přicházejí, 1, 35, 3
Adding tag filmová, 1, 35, 2
Adding tag hudba, 1, 35, 2
Adding tag cz, 1, 35, 2
Adding tag akordy, 1, 35, 5
Adding tag text, 1, 35, 5
Indexing rest:46997 39 : Vánoční
Interpret Karel Kryl
Adding tag vánoční, 1, 39, 3
Adding tag karel, 1, 39, 2
Adding tag kryl, 1, 39, 2
Adding tag akordy, 1, 39, 5
Adding tag text, 1, 39, 5
Indexing rest:46996 40 : Včera mě někdo
Interpret Daniel Landa
Adding tag včera, 1, 40, 3
Adding tag mě, 1, 40, 3
Adding tag někdo, 1, 40, 3
Adding tag daniel, 1, 40, 2
Adding tag landa, 1, 40, 2
Adding tag akordy, 1, 40, 5
Adding tag text, 1, 40, 5
Indexing rest:46995 42 : Sliby se maj plnit o Vánocích
Interpret Janek Ledecký
Adding tag sliby, 1, 42, 3
Adding tag se, 1, 42, 3
Adding tag maj, 1, 42, 3
Adding tag plnit, 1, 42, 3
Adding tag o, 1, 42, 3
Adding tag vánocích, 1, 42, 3
Adding tag janek, 1, 42, 2
Adding tag ledecký, 1, 42, 2
Adding tag akordy, 1, 42, 5
Adding tag text, 1, 42, 5
Indexing rest:46994 49 : Dál dál dál
Interpret Mňága A Žďorp
Adding tag dál, 3, 49, 3
Adding tag mňága, 1, 49, 2
Adding tag a, 1, 49, 2
Adding tag žďorp, 1, 49, 2
Adding tag akordy, 1, 49, 5
Adding tag text, 1, 49, 5
Indexing rest:46993 57 : Ve 4 ráno
Interpret Mňága A Žďorp
Adding tag ve, 1, 57, 3
Adding tag 4, 1, 57, 3
Adding tag ráno, 1, 57, 3
Adding tag mňága, 1, 57, 2
Adding tag a, 1, 57, 2
Adding tag žďorp, 1, 57, 2
Adding tag akordy, 1, 57, 5
Adding tag text, 1, 57, 5
Indexing rest:46992 60 : Nahá
Interpret Wanastowi Vjecy
Adding tag nahá, 1, 60, 3
Adding tag wanastowi, 1, 60, 2
Adding tag vjecy, 1, 60, 2
Adding tag akordy, 1, 60, 5
Adding tag text, 1, 60, 5
Indexing rest:46991 69 : Naděje
Interpret Brontosauři
Adding tag naděje, 1, 69, 3
Adding tag brontosauři, 1, 69, 2
Adding tag akordy, 1, 69, 5
Adding tag text, 1, 69, 5
Indexing rest:46990 71 : Táta
Interpret Brontosauři
Adding tag táta, 1, 71, 3
Adding tag brontosauři, 1, 71, 2
Adding tag akordy, 1, 71, 5
Adding tag text, 1, 71, 5
Indexing rest:46989 75 : Vánoční lístek
Interpret Brontosauři
Adding tag vánoční, 1, 75, 3
Adding tag lístek, 1, 75, 3
Adding tag brontosauři, 1, 75, 2
Adding tag akordy, 1, 75, 5
Adding tag text, 1, 75, 5
Indexing rest:46988 79 : O vánocích nikdo nesmí být sám
Interpret Kamelot
Adding tag o, 1, 79, 3
Adding tag vánocích, 1, 79, 3
Adding tag nikdo, 1, 79, 3
Adding tag nesmí, 1, 79, 3
Adding tag být, 1, 79, 3
Adding tag sám, 1, 79, 3
Adding tag kamelot, 1, 79, 2
Adding tag akordy, 1, 79, 5
Adding tag text, 1, 79, 5
Indexing rest:46987 81 : Dagmar
Interpret Jaroslav Samson Lenk
Adding tag dagmar, 1, 81, 3
Adding tag jaroslav, 1, 81, 2
Adding tag samson, 1, 81, 2
Adding tag lenk, 1, 81, 2
Adding tag akordy, 1, 81, 5
Adding tag text, 1, 81, 5
Indexing rest:46986 83 : Vánoční
Interpret Jaroslav Samson Lenk
Adding tag vánoční, 1, 83, 3
Adding tag jaroslav, 1, 83, 2
Adding tag samson, 1, 83, 2
Adding tag lenk, 1, 83, 2
Adding tag akordy, 1, 83, 5
Adding tag text, 1, 83, 5
Indexing rest:46985 90 : Naruby
Interpret Nerez
Adding tag naruby, 1, 90, 3
Adding tag nerez, 1, 90, 2
Adding tag akordy, 1, 90, 5
Adding tag text, 1, 90, 5
Indexing rest:46984 100 : Věcí půl
Interpret Nezmaři
Adding tag věcí, 1, 100, 3
Adding tag půl, 1, 100, 3
Adding tag nezmaři, 1, 100, 2
Adding tag akordy, 1, 100, 5
Adding tag text, 1, 100, 5
Indexing rest:46983 107 : V jedným důmku na Zarůbku
Interpret Jaromír Nohavica
Adding tag v, 1, 107, 3
Adding tag jedným, 1, 107, 3
Adding tag důmku, 1, 107, 3
Adding tag na, 1, 107, 3
Adding tag zarůbku, 1, 107, 3
Adding tag jaromír, 1, 107, 2
Adding tag nohavica, 1, 107, 2
Adding tag akordy, 1, 107, 5
Adding tag text, 1, 107, 5
Indexing rest:46982 117 : Na dvoře divadla
Interpret Jaromír Nohavica
Adding tag na, 1, 117, 3
Adding tag dvoře, 1, 117, 3
Adding tag divadla, 1, 117, 3
Adding tag jaromír, 1, 117, 2
Adding tag nohavica, 1, 117, 2
Adding tag akordy, 1, 117, 5
Adding tag text, 1, 117, 5
Indexing rest:46981 127 : V půlnoční hodinu
Interpret Jaromír Nohavica
Adding tag v, 1, 127, 3
Adding tag půlnoční, 1, 127, 3
Adding tag hodinu, 1, 127, 3
Adding tag jaromír, 1, 127, 2
Adding tag nohavica, 1, 127, 2
Adding tag akordy, 1, 127, 5
Adding tag text, 1, 127, 5
Indexing rest:46980 153 : Na dvorečku
Interpret Karel Plíhal
Adding tag na, 1, 153, 3
Adding tag dvorečku, 1, 153, 3
Adding tag karel, 1, 153, 2
Adding tag plíhal, 1, 153, 2
Adding tag akordy, 1, 153, 5
Adding tag text, 1, 153, 5
Indexing rest:46979 154 : Na konečné tramvaje
Interpret Karel Plíhal
Adding tag na, 1, 154, 3
Adding tag konečné, 1, 154, 3
Adding tag tramvaje, 1, 154, 3
Adding tag karel, 1, 154, 2
Adding tag plíhal, 1, 154, 2
Adding tag akordy, 1, 154, 5
Adding tag text, 1, 154, 5
Indexing rest:46978 155 : Na půde
Interpret Karel Plíhal
Adding tag na, 1, 155, 3
Adding tag půde, 1, 155, 3
Adding tag karel, 1, 155, 2
Adding tag plíhal, 1, 155, 2
Adding tag akordy, 1, 155, 5
Adding tag text, 1, 155, 5
Indexing rest:46977 156 : Námořnická
Interpret Karel Plíhal
Adding tag námořnická, 1, 156, 3
Adding tag karel, 1, 156, 2
Adding tag plíhal, 1, 156, 2
Adding tag akordy, 1, 156, 5
Adding tag text, 1, 156, 5
Indexing rest:46976 159 : O blechách a tak
Interpret Karel Plíhal
Adding tag o, 1, 159, 3
Adding tag blechách, 1, 159, 3
Adding tag a, 1, 159, 3
Adding tag tak, 1, 159, 3
Adding tag karel, 1, 159, 2
Adding tag plíhal, 1, 159, 2
Adding tag akordy, 1, 159, 5
Adding tag text, 1, 159, 5
Indexing rest:46975 160 : O písničce
Interpret Karel Plíhal
Adding tag o, 1, 160, 3
Adding tag písničce, 1, 160, 3
Adding tag karel, 1, 160, 2
Adding tag plíhal, 1, 160, 2
Adding tag akordy, 1, 160, 5
Adding tag text, 1, 160, 5
Indexing rest:46974 161 : O vojenském letounu zn. MIG
Interpret Karel Plíhal
Adding tag o, 1, 161, 3
Adding tag vojenském, 1, 161, 3
Adding tag letounu, 1, 161, 3
Adding tag zn, 1, 161, 3
Adding tag ., 1, 161, 3
Adding tag mig, 1, 161, 3
Adding tag karel, 1, 161, 2
Adding tag plíhal, 1, 161, 2
Adding tag akordy, 1, 161, 5
Adding tag text, 1, 161, 5
Indexing rest:46973 162 : O zesilovači zn. Peavey
Interpret Karel Plíhal
Adding tag o, 1, 162, 3
Adding tag zesilovači, 1, 162, 3
Adding tag zn, 1, 162, 3
Adding tag ., 1, 162, 3
Adding tag peavey, 1, 162, 3
Adding tag karel, 1, 162, 2
Adding tag plíhal, 1, 162, 2
Adding tag akordy, 1, 162, 5
Adding tag text, 1, 162, 5
Indexing rest:46972 177 : Taxík
Interpret Karel Plíhal
Adding tag taxík, 1, 177, 3
Adding tag karel, 1, 177, 2
Adding tag plíhal, 1, 177, 2
Adding tag akordy, 1, 177, 5
Adding tag text, 1, 177, 5
Indexing rest:46971 181 : V bufetu
Interpret Karel Plíhal
Adding tag v, 1, 181, 3
Adding tag bufetu, 1, 181, 3
Adding tag karel, 1, 181, 2
Adding tag plíhal, 1, 181, 2
Adding tag akordy, 1, 181, 5
Adding tag text, 1, 181, 5
Indexing rest:46970 182 : Vánoční
Interpret Karel Plíhal
Adding tag vánoční, 1, 182, 3
Adding tag karel, 1, 182, 2
Adding tag plíhal, 1, 182, 2
Adding tag akordy, 1, 182, 5
Adding tag text, 1, 182, 5
Indexing rest:46969 183 : Vánoční píseň
Interpret Karel Plíhal
Adding tag vánoční, 1, 183, 3
Adding tag píseň, 1, 183, 3
Adding tag karel, 1, 183, 2
Adding tag plíhal, 1, 183, 2
Adding tag akordy, 1, 183, 5
Adding tag text, 1, 183, 5
Indexing rest:46968 189 : Za tři čtvrtě století
Interpret Karel Plíhal
Adding tag za, 1, 189, 3
Adding tag tři, 1, 189, 3
Adding tag čtvrtě, 1, 189, 3
Adding tag století, 1, 189, 3
Adding tag karel, 1, 189, 2
Adding tag plíhal, 1, 189, 2
Adding tag akordy, 1, 189, 5
Adding tag text, 1, 189, 5
Indexing rest:46967 193 : Na skleničku s Napoleonem
Interpret Porta 1984
Adding tag na, 1, 193, 3
Adding tag skleničku, 1, 193, 3
Adding tag s, 1, 193, 3
Adding tag napoleonem, 1, 193, 3
Adding tag porta, 1, 193, 2
Adding tag 1984, 1, 193, 2
Adding tag akordy, 1, 193, 5
Adding tag text, 1, 193, 5
Indexing rest:46966 196 : Galerie
Interpret Příbuzní
Adding tag galerie, 1, 196, 3
Adding tag příbuzní, 1, 196, 2
Adding tag akordy, 1, 196, 5
Adding tag text, 1, 196, 5
Indexing rest:46965 210 : Usměj se lásko
Interpret Příbuzní
Adding tag usměj, 1, 210, 3
Adding tag se, 1, 210, 3
Adding tag lásko, 1, 210, 3
Adding tag příbuzní, 1, 210, 2
Adding tag akordy, 1, 210, 5
Adding tag text, 1, 210, 5
Indexing rest:46964 227 : Na cestě
Interpret Wabi Daněk
Adding tag na, 1, 227, 3
Adding tag cestě, 1, 227, 3
Adding tag wabi, 1, 227, 2
Adding tag daněk, 1, 227, 2
Adding tag akordy, 1, 227, 5
Adding tag text, 1, 227, 5
Indexing rest:46963 237 : Úspěšný muž
Interpret Wabi Daněk
Adding tag úspěšný, 1, 237, 3
Adding tag muž, 1, 237, 3
Adding tag wabi, 1, 237, 2
Adding tag daněk, 1, 237, 2
Adding tag akordy, 1, 237, 5
Adding tag text, 1, 237, 5
Indexing rest:46962 244 : UFO
Interpret Amfortas
Adding tag ufo, 1, 244, 3
Adding tag amfortas, 1, 244, 2
Adding tag akordy, 1, 244, 5
Adding tag text, 1, 244, 5
Indexing rest:46961 245 : Úsmev
Interpret Amfortas
Adding tag úsmev, 1, 245, 3
Adding tag amfortas, 1, 245, 2
Adding tag akordy, 1, 245, 5
Adding tag text, 1, 245, 5
Indexing rest:46960 246 : Verím Pane
Interpret Amfortas
Adding tag verím, 1, 246, 3
Adding tag pane, 1, 246, 3
Adding tag amfortas, 1, 246, 2
Adding tag akordy, 1, 246, 5
Adding tag text, 1, 246, 5
Indexing rest:46959 256 : O nás
Interpret Atlanta
Adding tag o, 1, 256, 3
Adding tag nás, 1, 256, 3
Adding tag atlanta, 1, 256, 2
Adding tag akordy, 1, 256, 5
Adding tag text, 1, 256, 5
Indexing rest:46958 261 : Za ránka za rosy
Interpret Dočolomanský
Adding tag za, 2, 261, 3
Adding tag ránka, 1, 261, 3
Adding tag rosy, 1, 261, 3
Adding tag dočolomanský, 1, 261, 2
Adding tag akordy, 1, 261, 5
Adding tag text, 1, 261, 5
Indexing rest:46957 265 : Labute zo Štrkovca
Interpret Elán
Adding tag labute, 1, 265, 3
Adding tag zo, 1, 265, 3
Adding tag štrkovca, 1, 265, 3
Adding tag elán, 1, 265, 2
Adding tag akordy, 1, 265, 5
Adding tag text, 1, 265, 5
Indexing rest:46956 273 : Rabaka
Interpret Elán
Adding tag rabaka, 1, 273, 3
Adding tag elán, 1, 273, 2
Adding tag akordy, 1, 273, 5
Adding tag text, 1, 273, 5
Indexing rest:46955 274 : Slobodná
Interpret Elán
Adding tag slobodná, 1, 274, 3
Adding tag elán, 1, 274, 2
Adding tag akordy, 1, 274, 5
Adding tag text, 1, 274, 5
Indexing rest:46954 277 : Teledeti
Interpret Elán
Adding tag teledeti, 1, 277, 3
Adding tag elán, 1, 277, 2
Adding tag akordy, 1, 277, 5
Adding tag text, 1, 277, 5
Indexing rest:46953 278 : Telo si so mnou robí čo chce
Interpret Elán
Adding tag telo, 1, 278, 3
Adding tag si, 1, 278, 3
Adding tag so, 1, 278, 3
Adding tag mnou, 1, 278, 3
Adding tag robí, 1, 278, 3
Adding tag čo, 1, 278, 3
Adding tag chce, 1, 278, 3
Adding tag elán, 1, 278, 2
Adding tag akordy, 1, 278, 5
Adding tag text, 1, 278, 5
Indexing rest:46952 281 : Územie zázrakov
Interpret Marika Gombitová
Adding tag územie, 1, 281, 3
Adding tag zázrakov, 1, 281, 3
Adding tag marika, 1, 281, 2
Adding tag gombitová, 1, 281, 2
Adding tag akordy, 1, 281, 5
Adding tag text, 1, 281, 5
Indexing rest:46951 289 : Taxík
Interpret Pavol Habera
Adding tag taxík, 1, 289, 3
Adding tag pavol, 1, 289, 2
Adding tag habera, 1, 289, 2
Adding tag akordy, 1, 289, 5
Adding tag text, 1, 289, 5
Indexing rest:46950 295 : Učiteľka tanca
Interpret Paľo Hammel
Adding tag učiteľka, 1, 295, 3
Adding tag tanca, 1, 295, 3
Adding tag paľo, 1, 295, 2
Adding tag hammel, 1, 295, 2
Adding tag akordy, 1, 295, 5
Adding tag text, 1, 295, 5
Indexing rest:46949 303 : Láska
Interpret Imt Smile
Adding tag láska, 1, 303, 3
Adding tag imt, 1, 303, 2
Adding tag smile, 1, 303, 2
Adding tag akordy, 1, 303, 5
Adding tag text, 1, 303, 5
Indexing rest:46948 310 : Ty si nič
Interpret Imt Smile
Adding tag ty, 1, 310, 3
Adding tag si, 1, 310, 3
Adding tag nič, 1, 310, 3
Adding tag imt, 1, 310, 2
Adding tag smile, 1, 310, 2
Adding tag akordy, 1, 310, 5
Adding tag text, 1, 310, 5
Indexing rest:46947 311 : Umelina
Interpret Imt Smile
Adding tag umelina, 1, 311, 3
Adding tag imt, 1, 311, 2
Adding tag smile, 1, 311, 2
Adding tag akordy, 1, 311, 5
Adding tag text, 1, 311, 5
Indexing rest:46946 312 : Veselá pesnička
Interpret Imt Smile
Adding tag veselá, 1, 312, 3
Adding tag pesnička, 1, 312, 3
Adding tag imt, 1, 312, 2
Adding tag smile, 1, 312, 2
Adding tag akordy, 1, 312, 5
Adding tag text, 1, 312, 5
Indexing rest:46945 317 : V cudzom meste
Interpret Jana Kirschner
Adding tag v, 1, 317, 3
Adding tag cudzom, 1, 317, 3
Adding tag meste, 1, 317, 3
Adding tag jana, 1, 317, 2
Adding tag kirschner, 1, 317, 2
Adding tag akordy, 1, 317, 5
Adding tag text, 1, 317, 5
Indexing rest:46944 318 : V slepých uličkách
Interpret Jana Kirschner
Adding tag v, 1, 318, 3
Adding tag slepých, 1, 318, 3
Adding tag uličkách, 1, 318, 3
Adding tag jana, 1, 318, 2
Adding tag kirschner, 1, 318, 2
Adding tag akordy, 1, 318, 5
Adding tag text, 1, 318, 5
Indexing rest:46943 325 : Nad mestom plakal muž
Interpret Kompromis
Adding tag nad, 1, 325, 3
Adding tag mestom, 1, 325, 3
Adding tag plakal, 1, 325, 3
Adding tag muž, 1, 325, 3
Adding tag kompromis, 1, 325, 2
Adding tag akordy, 1, 325, 5
Adding tag text, 1, 325, 5
Indexing rest:46942 326 : Náš deň
Interpret Kompromis
Adding tag náš, 1, 326, 3
Adding tag deň, 1, 326, 3
Adding tag kompromis, 1, 326, 2
Adding tag akordy, 1, 326, 5
Adding tag text, 1, 326, 5
Indexing rest:46941 338 : Uzreli sme Ježiša
Interpret Kompromis
Adding tag uzreli, 1, 338, 3
Adding tag sme, 1, 338, 3
Adding tag ježiša, 1, 338, 3
Adding tag kompromis, 1, 338, 2
Adding tag akordy, 1, 338, 5
Adding tag text, 1, 338, 5
Indexing rest:46940 339 : V jeho náručí
Interpret Kompromis
Adding tag v, 1, 339, 3
Adding tag jeho, 1, 339, 3
Adding tag náručí, 1, 339, 3
Adding tag kompromis, 1, 339, 2
Adding tag akordy, 1, 339, 5
Adding tag text, 1, 339, 5
Indexing rest:46939 342 : Slnko nevychádzaj
Interpret Metalinda
Adding tag slnko, 1, 342, 3
Adding tag nevychádzaj, 1, 342, 3
Adding tag metalinda, 1, 342, 2
Adding tag akordy, 1, 342, 5
Adding tag text, 1, 342, 5
Indexing rest:46938 347 : Naša láska letí ako splašené k
Interpret Richard Müller
Adding tag naša, 1, 347, 3
Adding tag láska, 1, 347, 3
Adding tag letí, 1, 347, 3
Adding tag ako, 1, 347, 3
Adding tag splašené, 1, 347, 3
Adding tag k, 1, 347, 3
Adding tag richard, 1, 347, 2
Adding tag müller, 1, 347, 2
Adding tag akordy, 1, 347, 5
Adding tag text, 1, 347, 5
Indexing rest:46937 357 : Oči
Interpret Obd
Adding tag oči, 1, 357, 3
Adding tag obd, 1, 357, 2
Adding tag akordy, 1, 357, 5
Adding tag text, 1, 357, 5
Indexing rest:46936 358 : S mojim ohňom sa hraj
Interpret Obd
Adding tag s, 1, 358, 3
Adding tag mojim, 1, 358, 3
Adding tag ohňom, 1, 358, 3
Adding tag sa, 1, 358, 3
Adding tag hraj, 1, 358, 3
Adding tag obd, 1, 358, 2
Adding tag akordy, 1, 358, 5
Adding tag text, 1, 358, 5
Indexing rest:46935 360 : Slnečný deň
Interpret Obd
Adding tag slnečný, 1, 360, 3
Adding tag deň, 1, 360, 3
Adding tag obd, 1, 360, 2
Adding tag akordy, 1, 360, 5
Adding tag text, 1, 360, 5
Indexing rest:46934 361 : V znamení rýb
Interpret Obd
Adding tag v, 1, 361, 3
Adding tag znamení, 1, 361, 3
Adding tag rýb, 1, 361, 3
Adding tag obd, 1, 361, 2
Adding tag akordy, 1, 361, 5
Adding tag text, 1, 361, 5
Indexing rest:46933 362 : Nás nik neporazí
Interpret Vašo Patejdl
Adding tag nás, 1, 362, 3
Adding tag nik, 1, 362, 3
Adding tag neporazí, 1, 362, 3
Adding tag vašo, 1, 362, 2
Adding tag patejdl, 1, 362, 2
Adding tag akordy, 1, 362, 5
Adding tag text, 1, 362, 5
Indexing rest:46932 369 : Nájdeš ma
Interpret Peha
Adding tag nájdeš, 1, 369, 3
Adding tag ma, 1, 369, 3
Adding tag peha, 1, 369, 2
Adding tag akordy, 1, 369, 5
Adding tag text, 1, 369, 5
Indexing rest:46931 373 : V zaseknutom výťahu
Interpret Peha
Adding tag v, 1, 373, 3
Adding tag zaseknutom, 1, 373, 3
Adding tag výťahu, 1, 373, 3
Adding tag peha, 1, 373, 2
Adding tag akordy, 1, 373, 5
Adding tag text, 1, 373, 5
Indexing rest:46930 375 : Dám ti lampu
Interpret Prúdy
Adding tag dám, 1, 375, 3
Adding tag ti, 1, 375, 3
Adding tag lampu, 1, 375, 3
Adding tag prúdy, 1, 375, 2
Adding tag akordy, 1, 375, 5
Adding tag text, 1, 375, 5
Indexing rest:46929 381 : S rukami vo vreckách
Interpret Prúdy
Adding tag s, 1, 381, 3
Adding tag rukami, 1, 381, 3
Adding tag vo, 1, 381, 3
Adding tag vreckách, 1, 381, 3
Adding tag prúdy, 1, 381, 2
Adding tag akordy, 1, 381, 5
Adding tag text, 1, 381, 5
Indexing rest:46928 389 : Slovenská modlitba
Interpret Stanley
Adding tag slovenská, 1, 389, 3
Adding tag modlitba, 1, 389, 3
Adding tag stanley, 1, 389, 2
Adding tag akordy, 1, 389, 5
Adding tag text, 1, 389, 5
Indexing rest:46927 395 : Dana
Interpret Hex
Adding tag dana, 1, 395, 3
Adding tag hex, 1, 395, 2
Adding tag akordy, 1, 395, 5
Adding tag text, 1, 395, 5
Indexing rest:46926 405 : Lady Jane
Interpret Hex
Adding tag lady, 1, 405, 3
Adding tag jane, 1, 405, 3
Adding tag hex, 1, 405, 2
Adding tag akordy, 1, 405, 5
Adding tag text, 1, 405, 5
Indexing rest:46925 414 : S rukami vo vreckách
Interpret Hex
Adding tag s, 1, 414, 3
Adding tag rukami, 1, 414, 3
Adding tag vo, 1, 414, 3
Adding tag vreckách, 1, 414, 3
Adding tag hex, 1, 414, 2
Adding tag akordy, 1, 414, 5
Adding tag text, 1, 414, 5
Indexing rest:46924 416 : Valentín
Interpret Hex
Adding tag valentín, 1, 416, 3
Adding tag hex, 1, 416, 2
Adding tag akordy, 1, 416, 5
Adding tag text, 1, 416, 5
Indexing rest:46923 417 : Vetroň
Interpret Hex
Adding tag vetroň, 1, 417, 3
Adding tag hex, 1, 417, 2
Adding tag akordy, 1, 417, 5
Adding tag text, 1, 417, 5
Indexing rest:46922 418 : Slečna závist
Interpret Arakain
Adding tag slečna, 1, 418, 3
Adding tag závist, 1, 418, 3
Adding tag arakain, 1, 418, 2
Adding tag akordy, 1, 418, 5
Adding tag text, 1, 418, 5
Indexing rest:46921 423 : Na námluvách
Interpret Fleret
Adding tag na, 1, 423, 3
Adding tag námluvách, 1, 423, 3
Adding tag fleret, 1, 423, 2
Adding tag akordy, 1, 423, 5
Adding tag text, 1, 423, 5
Indexing rest:46920 424 : Tanec 1
Interpret Fleret
Adding tag tanec, 1, 424, 3
Adding tag 1, 1, 424, 3
Adding tag fleret, 1, 424, 2
Adding tag akordy, 1, 424, 5
Adding tag text, 1, 424, 5
Indexing rest:46919 425 : Tanec 1
Interpret Fleret
Adding tag tanec, 1, 425, 3
Adding tag 1, 1, 425, 3
Adding tag fleret, 1, 425, 2
Adding tag akordy, 1, 425, 5
Adding tag text, 1, 425, 5
Indexing rest:46918 430 : La la lá
Interpret Richard Müller
Adding tag la, 2, 430, 3
Tag lá exists for 430 and 3
Adding tag richard, 1, 430, 2
Adding tag müller, 1, 430, 2
Adding tag akordy, 1, 430, 5
Adding tag text, 1, 430, 5
Indexing rest:46917 444 : Umírám
Interpret Buty
Adding tag umírám, 1, 444, 3
Adding tag buty, 1, 444, 2
Adding tag akordy, 1, 444, 5
Adding tag text, 1, 444, 5
Indexing rest:46916 468 : Slzy tvý mámy
Interpret Olympic
Adding tag slzy, 1, 468, 3
Adding tag tvý, 1, 468, 3
Adding tag mámy, 1, 468, 3
Adding tag olympic, 1, 468, 2
Adding tag akordy, 1, 468, 5
Adding tag text, 1, 468, 5
Indexing rest:46915 469 : Taky jsem se narodil bos
Interpret Olympic
Adding tag taky, 1, 469, 3
Adding tag jsem, 1, 469, 3
Adding tag se, 1, 469, 3
Adding tag narodil, 1, 469, 3
Adding tag bos, 1, 469, 3
Adding tag olympic, 1, 469, 2
Adding tag akordy, 1, 469, 5
Adding tag text, 1, 469, 5
Indexing rest:46914 470 : Únos
Interpret Olympic
Adding tag únos, 1, 470, 3
Adding tag olympic, 1, 470, 2
Adding tag akordy, 1, 470, 5
Adding tag text, 1, 470, 5
Indexing rest:46913 485 : Babylon
Interpret Karel Kryl
Adding tag babylon, 1, 485, 3
Adding tag karel, 1, 485, 2
Adding tag kryl, 1, 485, 2
Adding tag akordy, 1, 485, 5
Adding tag text, 1, 485, 5
Indexing rest:46912 486 : Bacil
Interpret Karel Kryl
Adding tag bacil, 1, 486, 3
Adding tag karel, 1, 486, 2
Adding tag kryl, 1, 486, 2
Adding tag akordy, 1, 486, 5
Adding tag text, 1, 486, 5
Indexing rest:46911 497 : V šálku čaje na Srí Lanku
Interpret Lenka Filipová
Adding tag v, 1, 497, 3
Adding tag šálku, 1, 497, 3
Adding tag čaje, 1, 497, 3
Adding tag na, 1, 497, 3
Adding tag srí, 1, 497, 3
Adding tag lanku, 1, 497, 3
Adding tag lenka, 1, 497, 2
Adding tag filipová, 1, 497, 2
Adding tag akordy, 1, 497, 5
Adding tag text, 1, 497, 5
Indexing rest:46910 500 : Tajné miesto
Interpret Barbara Haščáková
Adding tag tajné, 1, 500, 3
Adding tag miesto, 1, 500, 3
Adding tag barbara, 1, 500, 2
Adding tag haščáková, 1, 500, 2
Adding tag akordy, 1, 500, 5
Adding tag text, 1, 500, 5
Indexing rest:46909 501 : Ty a ja
Interpret Barbara Haščáková
Adding tag ty, 1, 501, 3
Adding tag a, 1, 501, 3
Adding tag ja, 1, 501, 3
Adding tag barbara, 1, 501, 2
Adding tag haščáková, 1, 501, 2
Adding tag akordy, 1, 501, 5
Adding tag text, 1, 501, 5
Indexing rest:46908 515 : Slon v porceláne
Interpret Banket
Adding tag slon, 1, 515, 3
Adding tag v, 1, 515, 3
Adding tag porceláne, 1, 515, 3
Adding tag banket, 1, 515, 2
Adding tag akordy, 1, 515, 5
Adding tag text, 1, 515, 5
Indexing rest:46907 518 : La isla Bonita
Interpret Ilona Csáková
Adding tag la, 1, 518, 3
Adding tag isla, 1, 518, 3
Adding tag bonita, 1, 518, 3
Adding tag ilona, 1, 518, 2
Adding tag csáková, 1, 518, 2
Adding tag akordy, 1, 518, 5
Adding tag text, 1, 518, 5
Indexing rest:46906 527 : Z bílé černou
Interpret Olympic
Adding tag z, 1, 527, 3
Adding tag bílé, 1, 527, 3
Adding tag černou, 1, 527, 3
Adding tag olympic, 1, 527, 2
Adding tag akordy, 1, 527, 5
Adding tag text, 1, 527, 5
Indexing rest:46905 530 : Úsmev
Interpret Modus
Adding tag úsmev, 1, 530, 3
Adding tag modus, 1, 530, 2
Adding tag akordy, 1, 530, 5
Adding tag text, 1, 530, 5
Indexing rest:46904 532 : El punk
Interpret Hex
Adding tag el, 1, 532, 3
Adding tag punk, 1, 532, 3
Adding tag hex, 1, 532, 2
Adding tag akordy, 1, 532, 5
Adding tag text, 1, 532, 5
Indexing rest:46903 533 : El tunel
Interpret Hex
Adding tag el, 1, 533, 3
Adding tag tunel, 1, 533, 3
Adding tag hex, 1, 533, 2
Adding tag akordy, 1, 533, 5
Adding tag text, 1, 533, 5
Indexing rest:46902 538 : V našej obci
Interpret Jaro Filip
Adding tag v, 1, 538, 3
Adding tag našej, 1, 538, 3
Adding tag obci, 1, 538, 3
Adding tag jaro, 1, 538, 2
Adding tag filip, 1, 538, 2
Adding tag akordy, 1, 538, 5
Adding tag text, 1, 538, 5
Indexing rest:46901 542 : Elektrický valčík
Interpret Zdeněk Svěrák & Jaroslav Uhlíř
Adding tag elektrický, 1, 542, 3
Adding tag valčík, 1, 542, 3
Adding tag zdeněk, 1, 542, 2
Adding tag svěrák, 1, 542, 2
Adding tag &, 1, 542, 2
Adding tag jaroslav, 1, 542, 2
Adding tag uhlíř, 1, 542, 2
Adding tag akordy, 1, 542, 5
Adding tag text, 1, 542, 5
Indexing rest:46900 545 : Asi jsem to přehnal
Interpret Mňága A Žďorp
Adding tag asi, 1, 545, 3
Adding tag jsem, 1, 545, 3
Adding tag to, 1, 545, 3
Adding tag přehnal, 1, 545, 3
Adding tag mňága, 1, 545, 2
Adding tag a, 1, 545, 2
Adding tag žďorp, 1, 545, 2
Adding tag akordy, 1, 545, 5
Adding tag text, 1, 545, 5
Indexing rest:46899 549 : Salám-banán
Interpret Mňága A Žďorp
Adding tag salám, 1, 549, 3
Adding tag -, 1, 549, 3
Adding tag banán, 1, 549, 3
Adding tag mňága, 1, 549, 2
Adding tag a, 1, 549, 2
Adding tag žďorp, 1, 549, 2
Adding tag akordy, 1, 549, 5
Adding tag text, 1, 549, 5
Indexing rest:46898 558 : Na kolena
Interpret Ivan Hlas
Adding tag na, 1, 558, 3
Adding tag kolena, 1, 558, 3
Adding tag ivan, 1, 558, 2
Adding tag hlas, 1, 558, 2
Adding tag akordy, 1, 558, 5
Adding tag text, 1, 558, 5
Indexing rest:46897 565 : V stínu kapradiny
Interpret Kratochvilova Jana
Adding tag v, 1, 565, 3
Adding tag stínu, 1, 565, 3
Adding tag kapradiny, 1, 565, 3
Adding tag kratochvilova, 1, 565, 2
Adding tag jana, 1, 565, 2
Adding tag akordy, 1, 565, 5
Adding tag text, 1, 565, 5
Indexing rest:46896 573 : Veličenstvo kat
Interpret Karel Kryl
Adding tag veličenstvo, 1, 573, 3
Adding tag kat, 1, 573, 3
Adding tag karel, 1, 573, 2
Adding tag kryl, 1, 573, 2
Adding tag akordy, 1, 573, 5
Adding tag text, 1, 573, 5
Indexing rest:46895 588 : Tak se lásko měj
Interpret Michal David
Adding tag tak, 1, 588, 3
Adding tag se, 1, 588, 3
Adding tag lásko, 1, 588, 3
Adding tag měj, 1, 588, 3
Adding tag michal, 1, 588, 2
Adding tag david, 1, 588, 2
Adding tag akordy, 1, 588, 5
Adding tag text, 1, 588, 5
Indexing rest:46894 600 : Sága rodu Forsajtovcov
Interpret Lasica A Satinský
Adding tag sága, 1, 600, 3
Adding tag rodu, 1, 600, 3
Adding tag forsajtovcov, 1, 600, 3
Adding tag lasica, 1, 600, 2
Adding tag a, 1, 600, 2
Adding tag satinský, 1, 600, 2
Adding tag akordy, 1, 600, 5
Adding tag text, 1, 600, 5
Indexing rest:46893 608 : Nároční
Interpret Team
Adding tag nároční, 1, 608, 3
Adding tag team, 1, 608, 2
Adding tag akordy, 1, 608, 5
Adding tag text, 1, 608, 5
Indexing rest:46892 637 : Větrný město
Interpret Kamelot
Adding tag větrný, 1, 637, 3
Adding tag město, 1, 637, 3
Adding tag kamelot, 1, 637, 2
Adding tag akordy, 1, 637, 5
Adding tag text, 1, 637, 5
Indexing rest:46891 639 : Slušne žiť
Interpret Paľo Hammel
Adding tag slušne, 1, 639, 3
Adding tag žiť, 1, 639, 3
Adding tag paľo, 1, 639, 2
Adding tag hammel, 1, 639, 2
Adding tag akordy, 1, 639, 5
Adding tag text, 1, 639, 5
Indexing rest:46890 655 : Tak to má být
Interpret Nedvedi
Adding tag tak, 1, 655, 3
Adding tag to, 1, 655, 3
Adding tag má, 1, 655, 3
Adding tag být, 1, 655, 3
Adding tag nedvedi, 1, 655, 2
Adding tag akordy, 1, 655, 5
Adding tag text, 1, 655, 5
Indexing rest:46889 659 : Já půjdu tam a ty tam
Interpret Jiří Korn
Adding tag já, 1, 659, 3
Adding tag půjdu, 1, 659, 3
Adding tag tam, 2, 659, 3
Adding tag a, 1, 659, 3
Adding tag ty, 1, 659, 3
Adding tag jiří, 1, 659, 2
Adding tag korn, 1, 659, 2
Adding tag akordy, 1, 659, 5
Adding tag text, 1, 659, 5
Indexing rest:46888 660 : Slunce
Interpret Jiří Korn
Adding tag slunce, 1, 660, 3
Adding tag jiří, 1, 660, 2
Adding tag korn, 1, 660, 2
Adding tag akordy, 1, 660, 5
Adding tag text, 1, 660, 5
Indexing rest:46887 668 : S tebou
Interpret Lucie
Adding tag s, 1, 668, 3
Adding tag tebou, 1, 668, 3
Adding tag lucie, 1, 668, 2
Adding tag akordy, 1, 668, 5
Adding tag text, 1, 668, 5
Indexing rest:46886 674 : Naposled
Interpret Nedvedi
Adding tag naposled, 1, 674, 3
Adding tag nedvedi, 1, 674, 2
Adding tag akordy, 1, 674, 5
Adding tag text, 1, 674, 5
Indexing rest:46885 687 : Těšínská
Interpret Jaromír Nohavica
Adding tag těšínská, 1, 687, 3
Adding tag jaromír, 1, 687, 2
Adding tag nohavica, 1, 687, 2
Adding tag akordy, 1, 687, 5
Adding tag text, 1, 687, 5
Indexing rest:46884 700 : Ešte som sa neoženil
Interpret Ľudové [sk]
Adding tag ešte, 1, 700, 3
Adding tag som, 1, 700, 3
Adding tag sa, 1, 700, 3
Adding tag neoženil, 1, 700, 3
Adding tag ľudové, 1, 700, 2
Adding tag [sk], 1, 700, 2
Adding tag akordy, 1, 700, 5
Adding tag text, 1, 700, 5
Indexing rest:46883 702 : Večer
Interpret Slobodná Európa
Adding tag večer, 1, 702, 3
Adding tag slobodná, 1, 702, 2
Adding tag európa, 1, 702, 2
Adding tag akordy, 1, 702, 5
Adding tag text, 1, 702, 5
Indexing rest:46882 711 : Na útěku
Interpret Kamelot
Adding tag na, 1, 711, 3
Adding tag útěku, 1, 711, 3
Adding tag kamelot, 1, 711, 2
Adding tag akordy, 1, 711, 5
Adding tag text, 1, 711, 5
Indexing rest:46881 714 : O nás
Interpret Ivan Hoffman
Adding tag o, 1, 714, 3
Adding tag nás, 1, 714, 3
Adding tag ivan, 1, 714, 2
Adding tag hoffman, 1, 714, 2
Adding tag akordy, 1, 714, 5
Adding tag text, 1, 714, 5
Indexing rest:46880 715 : Sľúbili sme si lásku
Interpret Ivan Hoffman
Adding tag sľúbili, 1, 715, 3
Adding tag sme, 1, 715, 3
Adding tag si, 1, 715, 3
Adding tag lásku, 1, 715, 3
Adding tag ivan, 1, 715, 2
Adding tag hoffman, 1, 715, 2
Adding tag akordy, 1, 715, 5
Adding tag text, 1, 715, 5
Indexing rest:46879 716 : Učím sa mať rád
Interpret Ivan Hoffman
Adding tag učím, 1, 716, 3
Adding tag sa, 1, 716, 3
Adding tag mať, 1, 716, 3
Adding tag rád, 1, 716, 3
Adding tag ivan, 1, 716, 2
Adding tag hoffman, 1, 716, 2
Adding tag akordy, 1, 716, 5
Adding tag text, 1, 716, 5
Indexing rest:46878 717 : Verím že sa to dá
Interpret Ivan Hoffman
Adding tag verím, 1, 717, 3
Adding tag že, 1, 717, 3
Adding tag sa, 1, 717, 3
Adding tag to, 1, 717, 3
Adding tag dá, 1, 717, 3
Adding tag ivan, 1, 717, 2
Adding tag hoffman, 1, 717, 2
Adding tag akordy, 1, 717, 5
Adding tag text, 1, 717, 5
Indexing rest:46877 722 : Unavený a zničený
Interpret Slobodná Európa
Adding tag unavený, 1, 722, 3
Adding tag a, 1, 722, 3
Adding tag zničený, 1, 722, 3
Adding tag slobodná, 1, 722, 2
Adding tag európa, 1, 722, 2
Adding tag akordy, 1, 722, 5
Adding tag text, 1, 722, 5
Indexing rest:46876 723 : Sladké je žít
Interpret Vladimír Mišík
Adding tag sladké, 1, 723, 3
Adding tag je, 1, 723, 3
Adding tag žít, 1, 723, 3
Adding tag vladimír, 1, 723, 2
Adding tag mišík, 1, 723, 2
Adding tag akordy, 1, 723, 5
Adding tag text, 1, 723, 5
Indexing rest:46875 735 : Užovka
Interpret Nedvedi
Adding tag užovka, 1, 735, 3
Adding tag nedvedi, 1, 735, 2
Adding tag akordy, 1, 735, 5
Adding tag text, 1, 735, 5
Indexing rest:46874 737 : A.I.D.S.
Interpret Zóna A
Adding tag a, 1, 737, 3
Adding tag ., 4, 737, 3
Adding tag i, 1, 737, 3
Adding tag d, 1, 737, 3
Adding tag s, 1, 737, 3
Adding tag , 1, 737, 3
Adding tag zóna, 1, 737, 2
Adding tag a, 1, 737, 2
Adding tag akordy, 1, 737, 5
Adding tag text, 1, 737, 5
Indexing rest:46873 740 : Sarňatko
Interpret Mloci
Adding tag sarňatko, 1, 740, 3
Adding tag mloci, 1, 740, 2
Adding tag akordy, 1, 740, 5
Adding tag text, 1, 740, 5
Indexing rest:46872 752 : Večernice
Interpret Nedvedi
Adding tag večernice, 1, 752, 3
Adding tag nedvedi, 1, 752, 2
Adding tag akordy, 1, 752, 5
Adding tag text, 1, 752, 5
Indexing rest:46871 755 : Na krajíčku
Interpret Nerez
Adding tag na, 1, 755, 3
Adding tag krajíčku, 1, 755, 3
Adding tag nerez, 1, 755, 2
Adding tag akordy, 1, 755, 5
Adding tag text, 1, 755, 5
Indexing rest:46870 760 : V životnej forme
Interpret Zóna A
Adding tag v, 1, 760, 3
Adding tag životnej, 1, 760, 3
Adding tag forme, 1, 760, 3
Adding tag zóna, 1, 760, 2
Adding tag a, 1, 760, 2
Adding tag akordy, 1, 760, 5
Adding tag text, 1, 760, 5
Indexing rest:46869 768 : Tak ber
Interpret Nerez
Adding tag tak, 1, 768, 3
Adding tag ber, 1, 768, 3
Adding tag nerez, 1, 768, 2
Adding tag akordy, 1, 768, 5
Adding tag text, 1, 768, 5
Indexing rest:46868 769 : U tebe pod peřinou
Interpret Nerez
Adding tag u, 1, 769, 3
Adding tag tebe, 1, 769, 3
Adding tag pod, 1, 769, 3
Adding tag peřinou, 1, 769, 3
Adding tag nerez, 1, 769, 2
Adding tag akordy, 1, 769, 5
Adding tag text, 1, 769, 5
Indexing rest:46867 775 : Nad Sázavou
Interpret Nedvedi
Adding tag nad, 1, 775, 3
Adding tag sázavou, 1, 775, 3
Adding tag nedvedi, 1, 775, 2
Adding tag akordy, 1, 775, 5
Adding tag text, 1, 775, 5
Indexing rest:46866 783 : Uličky
Interpret Nedvedi
Adding tag uličky, 1, 783, 3
Adding tag nedvedi, 1, 783, 2
Adding tag akordy, 1, 783, 5
Adding tag text, 1, 783, 5
Indexing rest:46865 784 : Vašek
Interpret Nedvedi
Adding tag vašek, 1, 784, 3
Adding tag nedvedi, 1, 784, 2
Adding tag akordy, 1, 784, 5
Adding tag text, 1, 784, 5
Indexing rest:46864 789 : Já budu chodit po špičkách
Interpret Petr Novák
Adding tag já, 1, 789, 3
Adding tag budu, 1, 789, 3
Adding tag chodit, 1, 789, 3
Adding tag po, 1, 789, 3
Adding tag špičkách, 1, 789, 3
Adding tag petr, 1, 789, 2
Adding tag novák, 1, 789, 2
Adding tag akordy, 1, 789, 5
Adding tag text, 1, 789, 5
Indexing rest:46863 790 : Náhrobní kamen
Interpret Petr Novák
Adding tag náhrobní, 1, 790, 3
Adding tag kamen, 1, 790, 3
Adding tag petr, 1, 790, 2
Adding tag novák, 1, 790, 2
Adding tag akordy, 1, 790, 5
Adding tag text, 1, 790, 5
Indexing rest:46862 799 : Lady Karneval
Interpret Karel Gott
Adding tag lady, 1, 799, 3
Adding tag karneval, 1, 799, 3
Adding tag karel, 1, 799, 2
Adding tag gott, 1, 799, 2
Adding tag akordy, 1, 799, 5
Adding tag text, 1, 799, 5
Indexing rest:46861 804 : Slavíci z Madridu
Interpret Waldemar Matuška
Adding tag slavíci, 1, 804, 3
Adding tag z, 1, 804, 3
Adding tag madridu, 1, 804, 3
Adding tag waldemar, 1, 804, 2
Adding tag matuška, 1, 804, 2
Adding tag akordy, 1, 804, 5
Adding tag text, 1, 804, 5
Indexing rest:46860 805 : Náruživá
Interpret Žlutý Pes
Adding tag náruživá, 1, 805, 3
Adding tag žlutý, 1, 805, 2
Adding tag pes, 1, 805, 2
Adding tag akordy, 1, 805, 5
Adding tag text, 1, 805, 5
Indexing rest:46859 807 : Sametová
Interpret Žlutý Pes
Adding tag sametová, 1, 807, 3
Adding tag žlutý, 1, 807, 2
Adding tag pes, 1, 807, 2
Adding tag akordy, 1, 807, 5
Adding tag text, 1, 807, 5
Indexing rest:46858 827 : Lachtani
Interpret Jaromír Nohavica
Adding tag lachtani, 1, 827, 3
Adding tag jaromír, 1, 827, 2
Adding tag nohavica, 1, 827, 2
Adding tag akordy, 1, 827, 5
Adding tag text, 1, 827, 5
Indexing rest:46857 836 : Šágrenova koža
Interpret Miro Žbirka
Adding tag šágrenova, 1, 836, 3
Adding tag koža, 1, 836, 3
Adding tag miro, 1, 836, 2
Adding tag žbirka, 1, 836, 2
Adding tag akordy, 1, 836, 5
Adding tag text, 1, 836, 5
Indexing rest:46856 844 : Táta
Interpret Těžkej Pokondr
Adding tag táta, 1, 844, 3
Adding tag těžkej, 1, 844, 2
Adding tag pokondr, 1, 844, 2
Adding tag akordy, 1, 844, 5
Adding tag text, 1, 844, 5
Indexing rest:46855 846 : Sbírka zvadlejch růži
Interpret Wanastowi Vjecy
Adding tag sbírka, 1, 846, 3
Adding tag zvadlejch, 1, 846, 3
Adding tag růži, 1, 846, 3
Adding tag wanastowi, 1, 846, 2
Adding tag vjecy, 1, 846, 2
Adding tag akordy, 1, 846, 5
Adding tag text, 1, 846, 5
Indexing rest:46854 847 : Zachraňte koně
Interpret Kamelot
Adding tag zachraňte, 1, 847, 3
Adding tag koně, 1, 847, 3
Adding tag kamelot, 1, 847, 2
Adding tag akordy, 1, 847, 5
Adding tag text, 1, 847, 5
Indexing rest:46853 858 : Tak ti chvíľu závidím
Interpret Beáta Dubasová
Adding tag tak, 1, 858, 3
Adding tag ti, 1, 858, 3
Adding tag chvíľu, 1, 858, 3
Adding tag závidím, 1, 858, 3
Adding tag beáta, 1, 858, 2
Adding tag dubasová, 1, 858, 2
Adding tag akordy, 1, 858, 5
Adding tag text, 1, 858, 5
Indexing rest:46852 872 : Velká voda
Interpret Kamelot
Adding tag velká, 1, 872, 3
Adding tag voda, 1, 872, 3
Adding tag kamelot, 1, 872, 2
Adding tag akordy, 1, 872, 5
Adding tag text, 1, 872, 5
Indexing rest:46851 876 : Za svou pravdou stát
Interpret Spirituál Kvintet
Adding tag za, 1, 876, 3
Adding tag svou, 1, 876, 3
Adding tag pravdou, 1, 876, 3
Adding tag stát, 1, 876, 3
Adding tag spirituál, 1, 876, 2
Adding tag kvintet, 1, 876, 2
Adding tag akordy, 1, 876, 5
Adding tag text, 1, 876, 5
Indexing rest:46850 879 : O myších a lidech
Interpret Bokomara
Adding tag o, 1, 879, 3
Adding tag myších, 1, 879, 3
Adding tag a, 1, 879, 3
Adding tag lidech, 1, 879, 3
Adding tag bokomara, 1, 879, 2
Adding tag akordy, 1, 879, 5
Adding tag text, 1, 879, 5
Indexing rest:46849 883 : Uzenářský blues
Interpret Bokomara
Adding tag uzenářský, 1, 883, 3
Adding tag blues, 1, 883, 3
Adding tag bokomara, 1, 883, 2
Adding tag akordy, 1, 883, 5
Adding tag text, 1, 883, 5
Indexing rest:46848 894 : Vážny muž
Interpret Miro Žbirka
Adding tag vážny, 1, 894, 3
Adding tag muž, 1, 894, 3
Adding tag miro, 1, 894, 2
Adding tag žbirka, 1, 894, 2
Adding tag akordy, 1, 894, 5
Adding tag text, 1, 894, 5
Indexing rest:46847 903 : Napiš mi brzy
Interpret Vlasta Redl
Adding tag napiš, 1, 903, 3
Adding tag mi, 1, 903, 3
Adding tag brzy, 1, 903, 3
Adding tag vlasta, 1, 903, 2
Adding tag redl, 1, 903, 2
Adding tag akordy, 1, 903, 5
Adding tag text, 1, 903, 5
Indexing rest:46846 905 : Sbohem galánečko
Interpret Vlasta Redl
Adding tag sbohem, 1, 905, 3
Adding tag galánečko, 1, 905, 3
Adding tag vlasta, 1, 905, 2
Adding tag redl, 1, 905, 2
Adding tag akordy, 1, 905, 5
Adding tag text, 1, 905, 5
Indexing rest:46845 909 : Vandráci jdou do nebe
Interpret Vlasta Redl
Adding tag vandráci, 1, 909, 3
Adding tag jdou, 1, 909, 3
Adding tag do, 1, 909, 3
Adding tag nebe, 1, 909, 3
Adding tag vlasta, 1, 909, 2
Adding tag redl, 1, 909, 2
Adding tag akordy, 1, 909, 5
Adding tag text, 1, 909, 5
Indexing rest:46844 910 : Večer křupavých srdíček
Interpret Vlasta Redl
Adding tag večer, 1, 910, 3
Adding tag křupavých, 1, 910, 3
Adding tag srdíček, 1, 910, 3
Adding tag vlasta, 1, 910, 2
Adding tag redl, 1, 910, 2
Adding tag akordy, 1, 910, 5
Adding tag text, 1, 910, 5
Indexing rest:46843 912 : DAL BYCH TI CO CHCEŠ
Interpret Lucie
Adding tag dal, 1, 912, 3
Adding tag bych, 1, 912, 3
Adding tag ti, 1, 912, 3
Adding tag co, 1, 912, 3
Adding tag chceš, 1, 912, 3
Adding tag lucie, 1, 912, 2
Adding tag akordy, 1, 912, 5
Adding tag text, 1, 912, 5
Indexing rest:46842 918 : H.Ch.Andersen
Interpret Elán
Adding tag h, 1, 918, 3
Adding tag ., 2, 918, 3
Adding tag ch, 1, 918, 3
Adding tag andersen, 1, 918, 3
Adding tag elán, 1, 918, 2
Adding tag akordy, 1, 918, 5
Adding tag text, 1, 918, 5
Indexing rest:46841 922 : Tata
Interpret Buty
Adding tag tata, 1, 922, 3
Adding tag buty, 1, 922, 2
Adding tag akordy, 1, 922, 5
Adding tag text, 1, 922, 5
Indexing rest:46840 933 : S tebou
Interpret Paľo Hammel
Adding tag s, 1, 933, 3
Adding tag tebou, 1, 933, 3
Adding tag paľo, 1, 933, 2
Adding tag hammel, 1, 933, 2
Adding tag akordy, 1, 933, 5
Adding tag text, 1, 933, 5
Indexing rest:46839 941 : V moři je místa dost
Interpret Jaromír Nohavica
Adding tag v, 1, 941, 3
Adding tag moři, 1, 941, 3
Adding tag je, 1, 941, 3
Adding tag místa, 1, 941, 3
Adding tag dost, 1, 941, 3
Adding tag jaromír, 1, 941, 2
Adding tag nohavica, 1, 941, 2
Adding tag akordy, 1, 941, 5
Adding tag text, 1, 941, 5
Indexing rest:46838 953 : Telátko oblíbené
Interpret Jaromír Nohavica
Adding tag telátko, 1, 953, 3
Adding tag oblíbené, 1, 953, 3
Adding tag jaromír, 1, 953, 2
Adding tag nohavica, 1, 953, 2
Adding tag akordy, 1, 953, 5
Adding tag text, 1, 953, 5
Indexing rest:46837 968 : A ty se ptáš co já
Interpret Helena Vondráčková
Adding tag a, 1, 968, 3
Adding tag ty, 1, 968, 3
Adding tag se, 1, 968, 3
Adding tag ptáš, 1, 968, 3
Adding tag co, 1, 968, 3
Adding tag já, 1, 968, 3
Adding tag helena, 1, 968, 2
Adding tag vondráčková, 1, 968, 2
Adding tag akordy, 1, 968, 5
Adding tag text, 1, 968, 5
Indexing rest:46836 978 : V princeznách
Interpret Wanastowi Vjecy
Adding tag v, 1, 978, 3
Adding tag princeznách, 1, 978, 3
Adding tag wanastowi, 1, 978, 2
Adding tag vjecy, 1, 978, 2
Adding tag akordy, 1, 978, 5
Adding tag text, 1, 978, 5
Indexing rest:46835 986 : Tereza
Interpret Waldemar Matuška
Adding tag tereza, 1, 986, 3
Adding tag waldemar, 1, 986, 2
Adding tag matuška, 1, 986, 2
Adding tag akordy, 1, 986, 5
Adding tag text, 1, 986, 5
Indexing rest:46834 993 : Slovenská
Interpret Gladiator
Adding tag slovenská, 1, 993, 3
Adding tag gladiator, 1, 993, 2
Adding tag akordy, 1, 993, 5
Adding tag text, 1, 993, 5
Indexing rest:46833 1007 : V pořádku
Interpret Nerez
Adding tag v, 1, 1007, 3
Adding tag pořádku, 1, 1007, 3
Adding tag nerez, 1, 1007, 2
Adding tag akordy, 1, 1007, 5
Adding tag text, 1, 1007, 5
Indexing rest:46832 1010 : Nakresli prstom do vánku
Interpret Lesní Škriatkovia
Adding tag nakresli, 1, 1010, 3
Adding tag prstom, 1, 1010, 3
Adding tag do, 1, 1010, 3
Adding tag vánku, 1, 1010, 3
Adding tag lesní, 1, 1010, 2
Adding tag škriatkovia, 1, 1010, 2
Adding tag akordy, 1, 1010, 5
Adding tag text, 1, 1010, 5
Indexing rest:46831 1011 : Natália
Interpret Robo Opatovský
Adding tag natália, 1, 1011, 3
Adding tag robo, 1, 1011, 2
Adding tag opatovský, 1, 1011, 2
Adding tag akordy, 1, 1011, 5
Adding tag text, 1, 1011, 5
Indexing rest:46830 1013 : Slunečný hrob
Interpret Vladimír Mišík
Adding tag slunečný, 1, 1013, 3
Adding tag hrob, 1, 1013, 3
Adding tag vladimír, 1, 1013, 2
Adding tag mišík, 1, 1013, 2
Adding tag akordy, 1, 1013, 5
Adding tag text, 1, 1013, 5
Indexing rest:46829 1023 : Lady Jane
Interpret Václav Neckář
Adding tag lady, 1, 1023, 3
Adding tag jane, 1, 1023, 3
Adding tag václav, 1, 1023, 2
Adding tag neckář, 1, 1023, 2
Adding tag akordy, 1, 1023, 5
Adding tag text, 1, 1023, 5
Indexing rest:46828 1041 : Veľkou palicou II
Interpret Inekafe
Adding tag veľkou, 1, 1041, 3
Adding tag palicou, 1, 1041, 3
Adding tag ii, 1, 1041, 3
Adding tag inekafe, 1, 1041, 2
Adding tag akordy, 1, 1041, 5
Adding tag text, 1, 1041, 5
Indexing rest:46827 1042 : Vianoce
Interpret Inekafe
Adding tag vianoce, 1, 1042, 3
Adding tag inekafe, 1, 1042, 2
Adding tag akordy, 1, 1042, 5
Adding tag text, 1, 1042, 5
Indexing rest:46826 1045 : Já
Interpret Olympic
Adding tag já, 1, 1045, 3
Adding tag olympic, 1, 1045, 2
Adding tag akordy, 1, 1045, 5
Adding tag text, 1, 1045, 5
Indexing rest:46825 1048 : Tajné milovanie
Interpret Imt Smile
Adding tag tajné, 1, 1048, 3
Adding tag milovanie, 1, 1048, 3
Adding tag imt, 1, 1048, 2
Adding tag smile, 1, 1048, 2
Adding tag akordy, 1, 1048, 5
Adding tag text, 1, 1048, 5
Indexing rest:46824 1052 : Vianoce
Interpret Elán
Adding tag vianoce, 1, 1052, 3
Adding tag elán, 1, 1052, 2
Adding tag akordy, 1, 1052, 5
Adding tag text, 1, 1052, 5
Indexing rest:46823 1053 : Ty jsi holka divoká
Interpret Reflexy
Adding tag ty, 1, 1053, 3
Adding tag jsi, 1, 1053, 3
Adding tag holka, 1, 1053, 3
Adding tag divoká, 1, 1053, 3
Adding tag reflexy, 1, 1053, 2
Adding tag akordy, 1, 1053, 5
Adding tag text, 1, 1053, 5
Indexing rest:46822 1059 : V slepých uličkách
Interpret Miro Žbirka
Adding tag v, 1, 1059, 3
Adding tag slepých, 1, 1059, 3
Adding tag uličkách, 1, 1059, 3
Adding tag miro, 1, 1059, 2
Adding tag žbirka, 1, 1059, 2
Adding tag akordy, 1, 1059, 5
Adding tag text, 1, 1059, 5
Indexing rest:46821 1074 : Valčík pro mámu
Interpret Michal David
Adding tag valčík, 1, 1074, 3
Adding tag pro, 1, 1074, 3
Adding tag mámu, 1, 1074, 3
Adding tag michal, 1, 1074, 2
Adding tag david, 1, 1074, 2
Adding tag akordy, 1, 1074, 5
Adding tag text, 1, 1074, 5
Indexing rest:46820 1079 : Na výstave
Interpret Lasica A Satinský
Adding tag na, 1, 1079, 3
Adding tag výstave, 1, 1079, 3
Adding tag lasica, 1, 1079, 2
Adding tag a, 1, 1079, 2
Adding tag satinský, 1, 1079, 2
Adding tag akordy, 1, 1079, 5
Adding tag text, 1, 1079, 5
Indexing rest:46819 1088 : Už koníček pádí
Interpret Waldemar Matuška
Adding tag už, 1, 1088, 3
Adding tag koníček, 1, 1088, 3
Adding tag pádí, 1, 1088, 3
Adding tag waldemar, 1, 1088, 2
Adding tag matuška, 1, 1088, 2
Adding tag akordy, 1, 1088, 5
Adding tag text, 1, 1088, 5
Indexing rest:46818 1091 : Baby kakaové
Interpret Aya
Adding tag baby, 1, 1091, 3
Adding tag kakaové, 1, 1091, 3
Adding tag aya, 1, 1091, 2
Adding tag akordy, 1, 1091, 5
Adding tag text, 1, 1091, 5
Indexing rest:46817 1092 : Slečna
Interpret Hudba Z Marsu
Adding tag slečna, 1, 1092, 3
Adding tag hudba, 1, 1092, 2
Adding tag z, 1, 1092, 2
Adding tag marsu, 1, 1092, 2
Adding tag akordy, 1, 1092, 5
Adding tag text, 1, 1092, 5
Indexing rest:46816 1096 : Sbohem
Interpret Krysař
Adding tag sbohem, 1, 1096, 3
Adding tag krysař, 1, 1096, 2
Adding tag akordy, 1, 1096, 5
Adding tag text, 1, 1096, 5
Indexing rest:46815 1102 : Tamara
Interpret Gladiator
Adding tag tamara, 1, 1102, 3
Adding tag gladiator, 1, 1102, 2
Adding tag akordy, 1, 1102, 5
Adding tag text, 1, 1102, 5
Indexing rest:46814 1107 : Tak teda pojď
Interpret Kabát
Adding tag tak, 1, 1107, 3
Adding tag teda, 1, 1107, 3
Adding tag pojď, 1, 1107, 3
Adding tag kabát, 1, 1107, 2
Adding tag akordy, 1, 1107, 5
Adding tag text, 1, 1107, 5
Indexing rest:46813 1111 : A te Rehradice
Interpret Ag Flek
Adding tag a, 1, 1111, 3
Adding tag te, 1, 1111, 3
Adding tag rehradice, 1, 1111, 3
Adding tag ag, 1, 1111, 2
Adding tag flek, 1, 1111, 2
Adding tag akordy, 1, 1111, 5
Adding tag text, 1, 1111, 5
Indexing rest:46812 1124 : Na konci léta
Interpret Ag Flek
Adding tag na, 1, 1124, 3
Adding tag konci, 1, 1124, 3
Adding tag léta, 1, 1124, 3
Adding tag ag, 1, 1124, 2
Adding tag flek, 1, 1124, 2
Adding tag akordy, 1, 1124, 5
Adding tag text, 1, 1124, 5
Indexing rest:46811 1125 : Náměstí
Interpret Ag Flek
Adding tag náměstí, 1, 1125, 3
Adding tag ag, 1, 1125, 2
Adding tag flek, 1, 1125, 2
Adding tag akordy, 1, 1125, 5
Adding tag text, 1, 1125, 5
Indexing rest:46810 1126 : Naše stěny
Interpret Ag Flek
Adding tag naše, 1, 1126, 3
Adding tag stěny, 1, 1126, 3
Adding tag ag, 1, 1126, 2
Adding tag flek, 1, 1126, 2
Adding tag akordy, 1, 1126, 5
Adding tag text, 1, 1126, 5
Indexing rest:46809 1128 : Tak to jezdívá
Interpret Ag Flek
Adding tag tak, 1, 1128, 3
Adding tag to, 1, 1128, 3
Adding tag jezdívá, 1, 1128, 3
Adding tag ag, 1, 1128, 2
Adding tag flek, 1, 1128, 2
Adding tag akordy, 1, 1128, 5
Adding tag text, 1, 1128, 5
Indexing rest:46808 1130 : Ve vysokých horách
Interpret Ag Flek
Adding tag ve, 1, 1130, 3
Adding tag vysokých, 1, 1130, 3
Adding tag horách, 1, 1130, 3
Adding tag ag, 1, 1130, 2
Adding tag flek, 1, 1130, 2
Adding tag akordy, 1, 1130, 5
Adding tag text, 1, 1130, 5
Indexing rest:46807 1136 : Rád že ťa mám
Interpret Credo
Adding tag rád, 1, 1136, 3
Adding tag že, 1, 1136, 3
Adding tag ťa, 1, 1136, 3
Adding tag mám, 1, 1136, 3
Adding tag credo, 1, 1136, 2
Adding tag akordy, 1, 1136, 5
Adding tag text, 1, 1136, 5
Indexing rest:46806 1142 : Youre my man
Interpret Jana Kirschner
Adding tag youre, 1, 1142, 3
Adding tag my, 1, 1142, 3
Adding tag man, 1, 1142, 3
Adding tag jana, 1, 1142, 2
Adding tag kirschner, 1, 1142, 2
Adding tag akordy, 1, 1142, 5
Adding tag text, 1, 1142, 5
Indexing rest:46805 1151 : Nás čaká Hollywood
Interpret Ploštín Punk
Adding tag nás, 1, 1151, 3
Adding tag čaká, 1, 1151, 3
Adding tag hollywood, 1, 1151, 3
Adding tag ploštín, 1, 1151, 2
Adding tag punk, 1, 1151, 2
Adding tag akordy, 1, 1151, 5
Adding tag text, 1, 1151, 5
Indexing rest:46804 1155 : S tebou
Interpret Miro Žbirka
Adding tag s, 1, 1155, 3
Adding tag tebou, 1, 1155, 3
Adding tag miro, 1, 1155, 2
Adding tag žbirka, 1, 1155, 2
Adding tag akordy, 1, 1155, 5
Adding tag text, 1, 1155, 5
Indexing rest:46803 1165 : Už nějak zapomínám
Interpret Brontosauři
Adding tag už, 1, 1165, 3
Adding tag nějak, 1, 1165, 3
Adding tag zapomínám, 1, 1165, 3
Adding tag brontosauři, 1, 1165, 2
Adding tag akordy, 1, 1165, 5
Adding tag text, 1, 1165, 5
Indexing rest:46802 1177 : Velikonoční
Interpret Učedníci
Adding tag velikonoční, 1, 1177, 3
Adding tag učedníci, 1, 1177, 2
Adding tag akordy, 1, 1177, 5
Adding tag text, 1, 1177, 5
Indexing rest:46801 1179 : Dál se háže kamením
Interpret Jaromír Nohavica
Adding tag dál, 1, 1179, 3
Adding tag se, 1, 1179, 3
Adding tag háže, 1, 1179, 3
Adding tag kamením, 1, 1179, 3
Adding tag jaromír, 1, 1179, 2
Adding tag nohavica, 1, 1179, 2
Adding tag akordy, 1, 1179, 5
Adding tag text, 1, 1179, 5
Indexing rest:46800 1180 : Na ceste
Interpret Had
Adding tag na, 1, 1180, 3
Adding tag ceste, 1, 1180, 3
Adding tag had, 1, 1180, 2
Adding tag akordy, 1, 1180, 5
Adding tag text, 1, 1180, 5
Indexing rest:46799 1181 : Nauč sa ďakovať
Interpret Had
Adding tag nauč, 1, 1181, 3
Adding tag sa, 1, 1181, 3
Adding tag ďakovať, 1, 1181, 3
Adding tag had, 1, 1181, 2
Adding tag akordy, 1, 1181, 5
Adding tag text, 1, 1181, 5
Indexing rest:46798 1188 : Ďakuj Bohu rád ťa má
Interpret Kresťanské - Sk
Adding tag ďakuj, 1, 1188, 3
Adding tag bohu, 1, 1188, 3
Adding tag rád, 1, 1188, 3
Adding tag ťa, 1, 1188, 3
Adding tag má, 1, 1188, 3
Adding tag kresťanské, 1, 1188, 2
Adding tag -, 1, 1188, 2
Adding tag sk, 1, 1188, 2
Adding tag akordy, 1, 1188, 5
Adding tag text, 1, 1188, 5
Indexing rest:46797 1192 : Náš Pán On je kráľov Kráľ
Interpret Kresťanské - Sk
Adding tag náš, 1, 1192, 3
Adding tag pán, 1, 1192, 3
Adding tag on, 1, 1192, 3
Adding tag je, 1, 1192, 3
Adding tag kráľov, 1, 1192, 3
Adding tag kráľ, 1, 1192, 3
Adding tag kresťanské, 1, 1192, 2
Adding tag -, 1, 1192, 2
Adding tag sk, 1, 1192, 2
Adding tag akordy, 1, 1192, 5
Adding tag text, 1, 1192, 5
Indexing rest:46796 1193 : Našiel som cestu
Interpret Kresťanské - Sk
Adding tag našiel, 1, 1193, 3
Adding tag som, 1, 1193, 3
Adding tag cestu, 1, 1193, 3
Adding tag kresťanské, 1, 1193, 2
Adding tag -, 1, 1193, 2
Adding tag sk, 1, 1193, 2
Adding tag akordy, 1, 1193, 5
Adding tag text, 1, 1193, 5
Indexing rest:46795 1204 : S.O.S.
Interpret Kamelot
Adding tag s, 2, 1204, 3
Adding tag ., 3, 1204, 3
Adding tag o, 1, 1204, 3
Adding tag , 1, 1204, 3
Adding tag kamelot, 1, 1204, 2
Adding tag akordy, 1, 1204, 5
Adding tag text, 1, 1204, 5
Indexing rest:46794 1210 : O stavbě světa
Interpret Nezmaři
Adding tag o, 1, 1210, 3
Adding tag stavbě, 1, 1210, 3
Adding tag světa, 1, 1210, 3
Adding tag nezmaři, 1, 1210, 2
Adding tag akordy, 1, 1210, 5
Adding tag text, 1, 1210, 5
Indexing rest:46793 1226 : Na kameni kámen
Interpret Brontosauři
Adding tag na, 1, 1226, 3
Adding tag kameni, 1, 1226, 3
Adding tag kámen, 1, 1226, 3
Adding tag brontosauři, 1, 1226, 2
Adding tag akordy, 1, 1226, 5
Adding tag text, 1, 1226, 5
Indexing rest:46792 1227 : Nábreží
Interpret Brontosauři
Adding tag nábreží, 1, 1227, 3
Adding tag brontosauři, 1, 1227, 2
Adding tag akordy, 1, 1227, 5
Adding tag text, 1, 1227, 5
Indexing rest:46791 1228 : Oblázek - obrázek
Interpret Brontosauři
Adding tag oblázek, 1, 1228, 3
Adding tag -, 1, 1228, 3
Adding tag obrázek, 1, 1228, 3
Adding tag brontosauři, 1, 1228, 2
Adding tag akordy, 1, 1228, 5
Adding tag text, 1, 1228, 5
Indexing rest:46790 1239 : Slunovrat
Interpret Brontosauři
Adding tag slunovrat, 1, 1239, 3
Adding tag brontosauři, 1, 1239, 2
Adding tag akordy, 1, 1239, 5
Adding tag text, 1, 1239, 5
Indexing rest:46789 1242 : Už se nemrač
Interpret Brontosauři
Adding tag už, 1, 1242, 3
Adding tag se, 1, 1242, 3
Adding tag nemrač, 1, 1242, 3
