\BOOKMARK [1][-]{section.1}{\332vod}{}% 1
\BOOKMARK [2][-]{subsection.1.1}{Pou\236it\351 pojmy a skratky}{section.1}% 2
\BOOKMARK [1][-]{section.2}{Existuj\372ce rie\235enia}{}% 3
\BOOKMARK [2][-]{subsection.2.1}{Kategoriz\341cia dokumentov}{section.2}% 4
\BOOKMARK [2][-]{subsection.2.2}{Z\355skavanie pou\236\355vatelskej sp\344tnej v\344zby}{section.2}% 5
\BOOKMARK [2][-]{subsection.2.3}{Profil pou\236\355vatela}{section.2}% 6
\BOOKMARK [2][-]{subsection.2.4}{Starnutie profilu}{section.2}% 7
\BOOKMARK [2][-]{subsection.2.5}{Geometrick\351 porovn\341vanie vlastnosti dokumentov z preferenciami}{section.2}% 8
\BOOKMARK [2][-]{subsection.2.6}{Kolaborat\355vne filtrovanie}{section.2}% 9
\BOOKMARK [1][-]{section.3}{V\341hovanie znaciek}{}% 10
\BOOKMARK [2][-]{subsection.3.1}{Frequencia pojmov \(angl. Term Frequency\(TF\)\)}{section.3}% 11
\BOOKMARK [2][-]{subsection.3.2}{Frequencie pojmov, inverzna frequencia dokumentov \(angl. Term Frequency, Inverse Document Frequency \(TF*IDF\)\)}{section.3}% 12
\BOOKMARK [2][-]{subsection.3.3}{Presonalizovan\351 BM25 v\341hovanie}{section.3}% 13
\BOOKMARK [1][-]{section.4}{Urcovanie adekv\341tnych dokumentov}{}% 14
\BOOKMARK [1][-]{section.5}{Logistick\341 funkcia}{}% 15
\BOOKMARK [1][-]{section.6}{Starnutie z\341ujmov profilu}{}% 16
\BOOKMARK [2][-]{subsection.6.1}{Kr\341tkodob\351 z\341ujmy}{section.6}% 17
\BOOKMARK [2][-]{subsection.6.2}{Dlhodob\351 z\341ujmy}{section.6}% 18
\BOOKMARK [1][-]{section.7}{N\341vrh rie\235enia}{}% 19
\BOOKMARK [2][-]{subsection.7.1}{Vyhlad\341vanie hudobn\375ch dokumentov}{section.7}% 20
\BOOKMARK [2][-]{subsection.7.2}{Zostavenie spevn\355ka}{section.7}% 21
\BOOKMARK [2][-]{subsection.7.3}{Krawler ?}{section.7}% 22
\BOOKMARK [2][-]{subsection.7.4}{Indexing}{section.7}% 23
\BOOKMARK [2][-]{subsection.7.5}{Filtrovanie bezv\375znamn\375ch znaciek \(angl. stopwords\)}{section.7}% 24
\BOOKMARK [1][-]{subsection.7.5}{Literat\372ra}{}% 25
